
SQL*Loader: Release 11.2.0.2.0 - Production on Mar. Mai 10 15:40:10 2022

Copyright (c) 1982, 2009, Oracle and/or its affiliates.  All rights reserved.

Control File:   demande.ctl
Data File:      demande.txt
  Bad File:     demande.bad
  Discard File: demande.dsc 
 (Allow all discards)

Number to load: ALL
Number to skip: 0
Errors allowed: 50
Bind array:     64 rows, maximum of 256000 bytes
Continuation:    none specified
Path used:      Conventional

Table DEMANDE, loaded from every logical record.
Insert option in effect for this table: INSERT
TRAILING NULLCOLS option in effect

   Column Name                  Position   Len  Term Encl Datatype
------------------------------ ---------- ----- ---- ---- ---------------------
NODEMANDE                           FIRST     *   ;       CHARACTER            
    SQL string for column : "seq_demande.nextval"
DATEDEMANDE                          NEXT     *   ;       CHARACTER            
DATEENLEVEMENT                       NEXT     *   ;       CHARACTER            
SIRET                                NEXT     *   ;       CHARACTER            
NOTOURNEE                            NEXT     *   ;       CHARACTER            

Record 1: Rejected - Error on table DEMANDE.
ORA-02291: integrity constraint (RLILLE.FK_DEMANDE_TOURNEE) violated - parent key not found

Record 2: Rejected - Error on table DEMANDE.
ORA-02291: integrity constraint (RLILLE.FK_DEMANDE_TOURNEE) violated - parent key not found

Record 3: Rejected - Error on table DEMANDE.
ORA-02291: integrity constraint (RLILLE.FK_DEMANDE_TOURNEE) violated - parent key not found

Record 4: Rejected - Error on table DEMANDE.
ORA-02291: integrity constraint (RLILLE.FK_DEMANDE_TOURNEE) violated - parent key not found

Record 5: Rejected - Error on table DEMANDE.
ORA-02291: integrity constraint (RLILLE.FK_DEMANDE_TOURNEE) violated - parent key not found

Record 6: Rejected - Error on table DEMANDE.
ORA-02291: integrity constraint (RLILLE.FK_DEMANDE_TOURNEE) violated - parent key not found

Record 7: Rejected - Error on table DEMANDE.
ORA-02291: integrity constraint (RLILLE.FK_DEMANDE_TOURNEE) violated - parent key not found

Record 8: Rejected - Error on table DEMANDE.
ORA-02291: integrity constraint (RLILLE.FK_DEMANDE_TOURNEE) violated - parent key not found

Record 9: Rejected - Error on table DEMANDE.
ORA-02291: integrity constraint (RLILLE.FK_DEMANDE_TOURNEE) violated - parent key not found

Record 10: Rejected - Error on table DEMANDE.
ORA-02291: integrity constraint (RLILLE.FK_DEMANDE_TOURNEE) violated - parent key not found

Record 11: Rejected - Error on table DEMANDE.
ORA-02291: integrity constraint (RLILLE.FK_DEMANDE_TOURNEE) violated - parent key not found

Record 12: Rejected - Error on table DEMANDE.
ORA-02291: integrity constraint (RLILLE.FK_DEMANDE_TOURNEE) violated - parent key not found

Record 13: Rejected - Error on table DEMANDE.
ORA-02291: integrity constraint (RLILLE.FK_DEMANDE_TOURNEE) violated - parent key not found

Record 14: Rejected - Error on table DEMANDE.
ORA-02291: integrity constraint (RLILLE.FK_DEMANDE_TOURNEE) violated - parent key not found

Record 15: Rejected - Error on table DEMANDE.
ORA-02291: integrity constraint (RLILLE.FK_DEMANDE_TOURNEE) violated - parent key not found

Record 16: Rejected - Error on table DEMANDE.
ORA-02291: integrity constraint (RLILLE.FK_DEMANDE_TOURNEE) violated - parent key not found

Record 17: Rejected - Error on table DEMANDE.
ORA-02291: integrity constraint (RLILLE.FK_DEMANDE_TOURNEE) violated - parent key not found

Record 18: Rejected - Error on table DEMANDE.
ORA-02291: integrity constraint (RLILLE.FK_DEMANDE_TOURNEE) violated - parent key not found

Record 19: Rejected - Error on table DEMANDE.
ORA-02291: integrity constraint (RLILLE.FK_DEMANDE_TOURNEE) violated - parent key not found

Record 20: Rejected - Error on table DEMANDE.
ORA-02291: integrity constraint (RLILLE.FK_DEMANDE_TOURNEE) violated - parent key not found

Record 21: Rejected - Error on table DEMANDE.
ORA-02291: integrity constraint (RLILLE.FK_DEMANDE_TOURNEE) violated - parent key not found

Record 22: Rejected - Error on table DEMANDE.
ORA-02291: integrity constraint (RLILLE.FK_DEMANDE_TOURNEE) violated - parent key not found

Record 23: Rejected - Error on table DEMANDE.
ORA-02291: integrity constraint (RLILLE.FK_DEMANDE_TOURNEE) violated - parent key not found

Record 24: Rejected - Error on table DEMANDE.
ORA-02291: integrity constraint (RLILLE.FK_DEMANDE_TOURNEE) violated - parent key not found

Record 25: Rejected - Error on table DEMANDE.
ORA-02291: integrity constraint (RLILLE.FK_DEMANDE_TOURNEE) violated - parent key not found

Record 26: Rejected - Error on table DEMANDE.
ORA-02291: integrity constraint (RLILLE.FK_DEMANDE_TOURNEE) violated - parent key not found

Record 27: Rejected - Error on table DEMANDE.
ORA-02291: integrity constraint (RLILLE.FK_DEMANDE_TOURNEE) violated - parent key not found

Record 28: Rejected - Error on table DEMANDE.
ORA-02291: integrity constraint (RLILLE.FK_DEMANDE_TOURNEE) violated - parent key not found

Record 29: Rejected - Error on table DEMANDE.
ORA-02291: integrity constraint (RLILLE.FK_DEMANDE_TOURNEE) violated - parent key not found

Record 30: Rejected - Error on table DEMANDE.
ORA-02291: integrity constraint (RLILLE.FK_DEMANDE_TOURNEE) violated - parent key not found

Record 31: Rejected - Error on table DEMANDE.
ORA-02291: integrity constraint (RLILLE.FK_DEMANDE_TOURNEE) violated - parent key not found

Record 32: Rejected - Error on table DEMANDE.
ORA-02291: integrity constraint (RLILLE.FK_DEMANDE_TOURNEE) violated - parent key not found

Record 33: Rejected - Error on table DEMANDE.
ORA-02291: integrity constraint (RLILLE.FK_DEMANDE_TOURNEE) violated - parent key not found

Record 34: Rejected - Error on table DEMANDE.
ORA-02291: integrity constraint (RLILLE.FK_DEMANDE_TOURNEE) violated - parent key not found

Record 35: Rejected - Error on table DEMANDE.
ORA-02291: integrity constraint (RLILLE.FK_DEMANDE_TOURNEE) violated - parent key not found

Record 36: Rejected - Error on table DEMANDE.
ORA-02291: integrity constraint (RLILLE.FK_DEMANDE_TOURNEE) violated - parent key not found

Record 37: Rejected - Error on table DEMANDE.
ORA-02291: integrity constraint (RLILLE.FK_DEMANDE_TOURNEE) violated - parent key not found

Record 38: Rejected - Error on table DEMANDE.
ORA-02291: integrity constraint (RLILLE.FK_DEMANDE_TOURNEE) violated - parent key not found

Record 39: Rejected - Error on table DEMANDE.
ORA-02291: integrity constraint (RLILLE.FK_DEMANDE_TOURNEE) violated - parent key not found

Record 40: Rejected - Error on table DEMANDE.
ORA-02291: integrity constraint (RLILLE.FK_DEMANDE_TOURNEE) violated - parent key not found

Record 41: Rejected - Error on table DEMANDE.
ORA-02291: integrity constraint (RLILLE.FK_DEMANDE_TOURNEE) violated - parent key not found

Record 42: Rejected - Error on table DEMANDE.
ORA-02291: integrity constraint (RLILLE.FK_DEMANDE_ENTREPRISE) violated - parent key not found

Record 43: Rejected - Error on table DEMANDE.
ORA-02291: integrity constraint (RLILLE.FK_DEMANDE_ENTREPRISE) violated - parent key not found


Table DEMANDE:
  0 Rows successfully loaded.
  43 Rows not loaded due to data errors.
  0 Rows not loaded because all WHEN clauses were failed.
  0 Rows not loaded because all fields were null.


Space allocated for bind array:                  82560 bytes(64 rows)
Read   buffer bytes: 1048576

Total logical records skipped:          0
Total logical records read:            43
Total logical records rejected:        43
Total logical records discarded:        0

Run began on Mar. Mai   10 15:40:10 2022
Run ended on Mar. Mai   10 15:40:10 2022

Elapsed time was:     00:00:00.09
CPU time was:         00:00:00.05
