
SQL*Loader: Release 11.2.0.2.0 - Production on Mar. Mai 10 15:40:27 2022

Copyright (c) 1982, 2009, Oracle and/or its affiliates.  All rights reserved.

Control File:   entreprise.ctl
Data File:      entreprise.txt
  Bad File:     entreprise.bad
  Discard File: entreprise.dsc 
 (Allow all discards)

Number to load: ALL
Number to skip: 0
Errors allowed: 50
Bind array:     64 rows, maximum of 256000 bytes
Continuation:    none specified
Path used:      Conventional

Table ENTREPRISE, loaded from every logical record.
Insert option in effect for this table: INSERT
TRAILING NULLCOLS option in effect

   Column Name                  Position   Len  Term Encl Datatype
------------------------------ ---------- ----- ---- ---- ---------------------
SIRET                               FIRST     *   ;       CHARACTER            
RAISONSOCIALE                        NEXT     *   ;       CHARACTER            
NORUEENTR                            NEXT     *   ;       CHARACTER            
RUEENTR                              NEXT     *   ;       CHARACTER            
CPOSTALENTR                          NEXT     *   ;       CHARACTER            
VILLEENTR                            NEXT     *   ;       CHARACTER            
NOTEL                                NEXT     *   ;       CHARACTER            
CONTACT                              NEXT     *   ;       CHARACTER            


Table ENTREPRISE:
  10 Rows successfully loaded.
  0 Rows not loaded due to data errors.
  0 Rows not loaded because all WHEN clauses were failed.
  0 Rows not loaded because all fields were null.


Space allocated for bind array:                 132096 bytes(64 rows)
Read   buffer bytes: 1048576

Total logical records skipped:          0
Total logical records read:            10
Total logical records rejected:         0
Total logical records discarded:        0

Run began on Mar. Mai   10 15:40:27 2022
Run ended on Mar. Mai   10 15:40:27 2022

Elapsed time was:     00:00:00.07
CPU time was:         00:00:00.03
