
SQL*Loader: Release 11.2.0.2.0 - Production on Mar. Mai 10 15:40:39 2022

Copyright (c) 1982, 2009, Oracle and/or its affiliates.  All rights reserved.

Control File:   modele.ctl
Data File:      modele.txt
  Bad File:     modele.bad
  Discard File: modele.dsc 
 (Allow all discards)

Number to load: ALL
Number to skip: 0
Errors allowed: 50
Bind array:     64 rows, maximum of 256000 bytes
Continuation:    none specified
Path used:      Conventional

Table MODELE, loaded from every logical record.
Insert option in effect for this table: INSERT
TRAILING NULLCOLS option in effect

   Column Name                  Position   Len  Term Encl Datatype
------------------------------ ---------- ----- ---- ---- ---------------------
NOMODELE                            FIRST     *   ;       CHARACTER            
    SQL string for column : "seq_modele.nextval"
NOMMODELE                            NEXT     *   ;       CHARACTER            
NOMARQUE                             NEXT     *   ;       CHARACTER            

SQL*Loader-941: Error during describe of table MODELE
ORA-04043: object MODELE does not exist

