
SQL*Loader: Release 11.2.0.2.0 - Production on Mar. Mai 10 15:40:50 2022

Copyright (c) 1982, 2009, Oracle and/or its affiliates.  All rights reserved.

Control File:   typedechet.ctl
Data File:      typedechet.txt
  Bad File:     typedechet.bad
  Discard File: typedechet.dsc 
 (Allow all discards)

Number to load: ALL
Number to skip: 0
Errors allowed: 50
Bind array:     64 rows, maximum of 256000 bytes
Continuation:    none specified
Path used:      Conventional

Table TYPEDECHET, loaded from every logical record.
Insert option in effect for this table: INSERT
TRAILING NULLCOLS option in effect

   Column Name                  Position   Len  Term Encl Datatype
------------------------------ ---------- ----- ---- ---- ---------------------
NOTYPEDECHET                        FIRST     *   ;       CHARACTER            
    SQL string for column : "seq_typedechet.nextval"
NOMTYPEDECHET                        NEXT     *   ;       CHARACTER            
NIV_DANGER                           NEXT     *   ;       CHARACTER            


Table TYPEDECHET:
  12 Rows successfully loaded.
  0 Rows not loaded due to data errors.
  0 Rows not loaded because all WHEN clauses were failed.
  0 Rows not loaded because all fields were null.


Space allocated for bind array:                  49536 bytes(64 rows)
Read   buffer bytes: 1048576

Total logical records skipped:          0
Total logical records read:            12
Total logical records rejected:         0
Total logical records discarded:        0

Run began on Mar. Mai   10 15:40:50 2022
Run ended on Mar. Mai   10 15:40:50 2022

Elapsed time was:     00:00:00.07
CPU time was:         00:00:00.04
